 1<<< Z E N I T H >>>      Version: 2.1.01               <<< Z E N I T H >>>                   09 Oct 2015,  10:12 hs       Page   1
 Pre-processing User Input Instructions                                                                                             

 0001 %OPTIONS (CCONTROL=DISABLED,LINPAG=5000,MXLNAM=5000000,MXCON=5000000,MXKON=5000000,MXAUX=10000000)
 0002 BEGIN('pincell study')
 0003  
 0004 'pincell_helios' = IMPORT (HELIOS ; 'pincell_helios' / 'pincell_depletion_v440_24_helios.hrf')
 0005  
 0006 bup   = SEL(tburn / STA / 'pincell_helios' ;             / path)
 0007 kinf  = SEL(eigv  / STA / 'pincell_helios' ;             / path )
 0008 ab    = SEL(ab    / MAC / 'pincell_helios' ; systemMacro / path )
 0009 xe135 = SEL(nd    / MIC / 'pincell_helios' ; systemMicro / path / 54635)
 0010 u235  = SEL(nd    / MIC / 'pincell_helios' ; systemMicro / path / 92235)
 0011 u238  = SEL(nd    / MIC / 'pincell_helios' ; systemMicro / path / 92238)
 0012 pu239 = SEL(nd    / MIC / 'pincell_helios' ; systemMicro / path / 94239)
 0013 nd148 = SEL(nd    / MIC / 'pincell_helios' ; systemMicro / path / 60648)
 0014  
 0015 h1    = SEL(nd    / MIC / 'pincell_helios' ; systemMicro / path / 1001)
 0016 o16   = SEL(nd    / MIC / 'pincell_helios' ; systemMicro / path / 8016)
 0017 b10   = SEL(nd    / MIC / 'pincell_helios' ; systemMicro / path / 5010)
 0018 b11   = SEL(nd    / MIC / 'pincell_helios' ; systemMicro / path / 5011)
 0019  
 0020 list = LIS(;S / ''/ E / e3:bup;f5:kinf;e5:ab;e5:u235;e5:u238;e5:pu239;e5:xe135;e5:nd148;
 0021 e5:h1;e5:b10;e5:b11;e5:o16)
 0022  
 0023 END()
 1<<< Z E N I T H >>>      Version: 2.1.01               <<< Z E N I T H >>>                   09 Oct 2015,  10:12 hs       Page   2
 pincell study                                                                                                                      

 HELIOS Cases Used:

   1) IMP-operator name : pincell_helios
      HELIOS case       : pincell_helios
      Title(s)      1   : pincell_helios

 1<<< Z E N I T H >>>      Version: 2.1.01               <<< Z E N I T H >>>                   09 Oct 2015,  10:12 hs       Page   3
 pincell study                                                                                                                      

 List name       : list
 List Title(s)  1) This is a table
                2) of some data
                3) in many columns
                4) and has a long title!

                bup        kinf          ab          ab        u235        u238       pu239       xe135       nd148          h1
  0001     0.00E+00     1.16949  9.7053E-03  7.6469E-02  1.8806E-04  7.5509E-03  1.0000E-20  1.0000E-20  1.0000E-20  2.3652E-02
  0002     0.00E+00     1.13213  9.7478E-03  7.9058E-02  1.8806E-04  7.5509E-03  1.0000E-20  2.2638E-09  1.0000E-20  2.3652E-02
  0003     1.00E+01     1.13149  9.7488E-03  7.9070E-02  1.8797E-04  7.5509E-03  2.3647E-09  2.2857E-09  1.3839E-09  2.3652E-02
  0004     5.00E+01     1.13004  9.7521E-03  7.9093E-02  1.8760E-04  7.5506E-03  5.3144E-08  2.2840E-09  6.9261E-09  2.3652E-02
  0005     1.00E+02     1.12826  9.7559E-03  7.9218E-02  1.8714E-04  7.5503E-03  1.8746E-07  2.2836E-09  1.3868E-08  2.3652E-02
  0006     1.50E+02     1.12664  9.7594E-03  7.9407E-02  1.8668E-04  7.5500E-03  3.7495E-07  2.2852E-09  2.0823E-08  2.3652E-02
  0007     2.50E+02     1.12399  9.7657E-03  7.9869E-02  1.8577E-04  7.5493E-03  8.4139E-07  2.2918E-09  3.4770E-08  2.3652E-02
  0008     5.00E+02     1.12007  9.7812E-03  8.1065E-02  1.8351E-04  7.5476E-03  2.1882E-06  2.3117E-09  6.9792E-08  2.3652E-02
  0009     1.00E+03     1.11561  9.8203E-03  8.3169E-02  1.7914E-04  7.5443E-03  4.8723E-06  2.3568E-09  1.4019E-07  2.3652E-02
  0010     2.00E+03     1.10542  9.9329E-03  8.6731E-02  1.7088E-04  7.5376E-03  9.6873E-06  2.4372E-09  2.8124E-07  2.3652E-02
  0011     3.00E+03     1.09354  1.0067E-02  8.9717E-02  1.6316E-04  7.5309E-03  1.3879E-05  2.5030E-09  4.2201E-07  2.3652E-02
  0012     4.00E+03     1.08126  1.0207E-02  9.2299E-02  1.5591E-04  7.5242E-03  1.7571E-05  2.5572E-09  5.6238E-07  2.3652E-02
  0013     6.00E+03     1.05755  1.0474E-02  9.6562E-02  1.4258E-04  7.5105E-03  2.3760E-05  2.6400E-09  8.4208E-07  2.3652E-02
  0014     8.00E+03     1.03628  1.0711E-02  9.9978E-02  1.3058E-04  7.4966E-03  2.8755E-05  2.7017E-09  1.1207E-06  2.3652E-02
  0015     1.00E+04     1.01716  1.0920E-02  1.0280E-01  1.1969E-04  7.4825E-03  3.2865E-05  2.7488E-09  1.3986E-06  2.3652E-02
  0016     1.20E+04     0.99972  1.1108E-02  1.0520E-01  1.0977E-04  7.4682E-03  3.6289E-05  2.7853E-09  1.6758E-06  2.3652E-02
  0017     1.60E+04     0.96917  1.1440E-02  1.0905E-01  9.2412E-05  7.4391E-03  4.1547E-05  2.8338E-09  2.2288E-06  2.3652E-02
  0018     2.00E+04     0.94229  1.1722E-02  1.1201E-01  7.7808E-05  7.4093E-03  4.5383E-05  2.8648E-09  2.7801E-06  2.3652E-02
  0019     2.40E+04     0.91837  1.1970E-02  1.1442E-01  6.5484E-05  7.3789E-03  4.8292E-05  2.8861E-09  3.3302E-06  2.3652E-02
  0020     2.80E+04     0.89701  1.2197E-02  1.1649E-01  5.5077E-05  7.3478E-03  5.0561E-05  2.9023E-09  3.8790E-06  2.3652E-02
  0021     3.20E+04     0.87791  1.2407E-02  1.1834E-01  4.6295E-05  7.3162E-03  5.2382E-05  2.9166E-09  4.4264E-06  2.3652E-02
  0022     3.60E+04     0.86088  1.2602E-02  1.2004E-01  3.8892E-05  7.2841E-03  5.3888E-05  2.9310E-09  4.9726E-06  2.3652E-02
  0023     4.00E+04     0.84571  1.2783E-02  1.2166E-01  3.2663E-05  7.2517E-03  5.5170E-05  2.9467E-09  5.5174E-06  2.3652E-02

                b10         b11         o16
  0001   1.9229E-06  7.7400E-06  1.1841E-02
  0002   1.9229E-06  7.7400E-06  1.1841E-02
  0003   1.9229E-06  7.7400E-06  1.1841E-02
  0004   1.9229E-06  7.7400E-06  1.1841E-02
  0005   1.9229E-06  7.7400E-06  1.1841E-02
  0006   1.9229E-06  7.7400E-06  1.1841E-02
  0007   1.9229E-06  7.7400E-06  1.1841E-02
  0008   1.9229E-06  7.7400E-06  1.1841E-02
  0009   1.9229E-06  7.7400E-06  1.1841E-02
  0010   1.9229E-06  7.7400E-06  1.1841E-02
  0011   1.9229E-06  7.7400E-06  1.1841E-02
  0012   1.9229E-06  7.7400E-06  1.1841E-02
  0013   1.9229E-06  7.7400E-06  1.1841E-02
  0014   1.9229E-06  7.7400E-06  1.1841E-02
  0015   1.9229E-06  7.7400E-06  1.1841E-02
  0016   1.9229E-06  7.7400E-06  1.1841E-02
  0017   1.9229E-06  7.7400E-06  1.1841E-02
  0018   1.9229E-06  7.7400E-06  1.1841E-02
  0019   1.9229E-06  7.7400E-06  1.1841E-02
  0020   1.9229E-06  7.7400E-06  1.1841E-02
  0021   1.9229E-06  7.7400E-06  1.1841E-02
  0022   1.9229E-06  7.7400E-06  1.1841E-02
  0023   1.9229E-06  7.7400E-06  1.1841E-02


                                         ***********************************************
                                         *  Normal End,    No warning messages issued  *
                                         *                                             *
                                         *    Highest memory required by this run:     *
                                         * 110002001 data words in module 1 ( 14%)     *
                                         *     12501 char words in module 1 (  0%)     *
                                         *    Total CPU time used =   0.09 minutes     *
                                         ***********************************************
